# JRE version: Java(TM) SE Runtime Environment (17.0.2+8) (build 17.0.2+8-LTS-86)
# Java VM: Java HotSpot(TM) 64-Bit Server VM (17.0.2+8-LTS-86, mixed mode, sharing, tiered, compressed oops, compressed class ptrs, g1 gc, windows-amd64)
GC Precious Log:
 CPUs: 8 total, 8 available
 Memory: 8006M
 Large Page Support: Disabled
 NUMA Support: Disabled
 Compressed Oops: Enabled (32-bit)
 Heap Region Size: 1M
 Heap Min Capacity: 8M
 Heap Initial Capacity: 126M
 Heap Max Capacity: 2002M
 Pre-touch: Disabled
 Parallel Workers: 8
 Concurrent Workers: 2
 Concurrent Refinement Workers: 8
 Periodic GC: Disabled
Heap:
 garbage-first heap   total 55296K, used 34417K [0x0000000082e00000, 0x0000000100000000)
  region size 1024K, 16 young (16384K), 3 survivors (3072K)
 Metaspace       used 40904K, committed 41344K, reserved 1089536K
  class space    used 5121K, committed 5376K, reserved 1048576K
GC Heap History (20 events):
Event: 1.765 GC heap before
{Heap before GC invocations=1 (full 0):
 garbage-first heap   total 129024K, used 29197K [0x0000000082e00000, 0x0000000100000000)
  region size 1024K, 21 young (21504K), 3 survivors (3072K)
 Metaspace       used 11727K, committed 12032K, reserved 1064960K
  class space    used 1400K, committed 1536K, reserved 1048576K
}
Event: 1.769 GC heap after
{Heap after GC invocations=2 (full 0):
 garbage-first heap   total 129024K, used 12694K [0x0000000082e00000, 0x0000000100000000)
  region size 1024K, 2 young (2048K), 2 survivors (2048K)
 Metaspace       used 11727K, committed 12032K, reserved 1064960K
  class space    used 1400K, committed 1536K, reserved 1048576K
}
Event: 2.511 GC heap before
{Heap before GC invocations=2 (full 0):
 garbage-first heap   total 129024K, used 47510K [0x0000000082e00000, 0x0000000100000000)
  region size 1024K, 38 young (38912K), 2 survivors (2048K)
 Metaspace       used 21192K, committed 21504K, reserved 1073152K
  class space    used 2579K, committed 2752K, reserved 1048576K
}
Event: 2.516 GC heap after
{Heap after GC invocations=3 (full 0):
 garbage-first heap   total 129024K, used 14899K [0x0000000082e00000, 0x0000000100000000)
  region size 1024K, 4 young (4096K), 4 survivors (4096K)
 Metaspace       used 21192K, committed 21504K, reserved 1073152K
  class space    used 2579K, committed 2752K, reserved 1048576K
}
Event: 3.124 GC heap before
{Heap before GC invocations=4 (full 0):
 garbage-first heap   total 55296K, used 40499K [0x0000000082e00000, 0x0000000100000000)
  region size 1024K, 31 young (31744K), 4 survivors (4096K)
 Metaspace       used 24452K, committed 24768K, reserved 1073152K
  class space    used 2926K, committed 3072K, reserved 1048576K
}
Event: 3.128 GC heap after
{Heap after GC invocations=5 (full 0):
 garbage-first heap   total 55296K, used 16299K [0x0000000082e00000, 0x0000000100000000)
  region size 1024K, 6 young (6144K), 6 survivors (6144K)
 Metaspace       used 24452K, committed 24768K, reserved 1073152K
  class space    used 2926K, committed 3072K, reserved 1048576K
}
Event: 3.145 GC heap before
{Heap before GC invocations=5 (full 0):
 garbage-first heap   total 55296K, used 17323K [0x0000000082e00000, 0x0000000100000000)
  region size 1024K, 7 young (7168K), 6 survivors (6144K)
 Metaspace       used 24669K, committed 25024K, reserved 1073152K
  class space    used 2950K, committed 3136K, reserved 1048576K
}
Event: 3.151 GC heap after
{Heap after GC invocations=6 (full 0):
 garbage-first heap   total 55296K, used 16760K [0x0000000082e00000, 0x0000000100000000)
  region size 1024K, 1 young (1024K), 1 survivors (1024K)
 Metaspace       used 24669K, committed 25024K, reserved 1073152K
  class space    used 2950K, committed 3136K, reserved 1048576K
}
Event: 3.661 GC heap before
{Heap before GC invocations=6 (full 0):
 garbage-first heap   total 55296K, used 36216K [0x0000000082e00000, 0x0000000100000000)
  region size 1024K, 20 young (20480K), 1 survivors (1024K)
 Metaspace       used 27737K, committed 28032K, reserved 1081344K
  class space    used 3446K, committed 3584K, reserved 1048576K
}
Event: 3.662 GC heap after
{Heap after GC invocations=7 (full 0):
 garbage-first heap   total 55296K, used 17190K [0x0000000082e00000, 0x0000000100000000)
  region size 1024K, 2 young (2048K), 2 survivors (2048K)
 Metaspace       used 27737K, committed 28032K, reserved 1081344K
  class space    used 3446K, committed 3584K, reserved 1048576K
}
Event: 4.186 GC heap before
{Heap before GC invocations=7 (full 0):
 garbage-first heap   total 55296K, used 37670K [0x0000000082e00000, 0x0000000100000000)
  region size 1024K, 22 young (22528K), 2 survivors (2048K)
 Metaspace       used 31580K, committed 31936K, reserved 1081344K
  class space    used 3940K, committed 4096K, reserved 1048576K
}
Event: 4.189 GC heap after
{Heap after GC invocations=8 (full 0):
 garbage-first heap   total 55296K, used 18839K [0x0000000082e00000, 0x0000000100000000)
  region size 1024K, 3 young (3072K), 3 survivors (3072K)
 Metaspace       used 31580K, committed 31936K, reserved 1081344K
  class space    used 3940K, committed 4096K, reserved 1048576K
}
Event: 4.771 GC heap before
{Heap before GC invocations=8 (full 0):
 garbage-first heap   total 55296K, used 39319K [0x0000000082e00000, 0x0000000100000000)
  region size 1024K, 23 young (23552K), 3 survivors (3072K)
 Metaspace       used 34898K, committed 35264K, reserved 1081344K
  class space    used 4396K, committed 4608K, reserved 1048576K
}
Event: 4.777 GC heap after
{Heap after GC invocations=9 (full 0):
 garbage-first heap   total 55296K, used 20576K [0x0000000082e00000, 0x0000000100000000)
  region size 1024K, 2 young (2048K), 2 survivors (2048K)
 Metaspace       used 34898K, committed 35264K, reserved 1081344K
  class space    used 4396K, committed 4608K, reserved 1048576K
}
Event: 4.875 GC heap before
{Heap before GC invocations=9 (full 0):
 garbage-first heap   total 55296K, used 22624K [0x0000000082e00000, 0x0000000100000000)
  region size 1024K, 5 young (5120K), 2 survivors (2048K)
 Metaspace       used 35552K, committed 35968K, reserved 1081344K
  class space    used 4455K, committed 4672K, reserved 1048576K
}
Event: 4.878 GC heap after
{Heap after GC invocations=10 (full 0):
 garbage-first heap   total 55296K, used 21159K [0x0000000082e00000, 0x0000000100000000)
  region size 1024K, 1 young (1024K), 1 survivors (1024K)
 Metaspace       used 35552K, committed 35968K, reserved 1081344K
  class space    used 4455K, committed 4672K, reserved 1048576K
}
Event: 5.418 GC heap before
{Heap before GC invocations=11 (full 0):
 garbage-first heap   total 55296K, used 40615K [0x0000000082e00000, 0x0000000100000000)
  region size 1024K, 20 young (20480K), 1 survivors (1024K)
 Metaspace       used 37780K, committed 38208K, reserved 1089536K
  class space    used 4738K, committed 4928K, reserved 1048576K
}
Event: 5.421 GC heap after
{Heap after GC invocations=12 (full 0):
 garbage-first heap   total 55296K, used 22311K [0x0000000082e00000, 0x0000000100000000)
  region size 1024K, 2 young (2048K), 2 survivors (2048K)
 Metaspace       used 37780K, committed 38208K, reserved 1089536K
  class space    used 4738K, committed 4928K, reserved 1048576K
}
Event: 6.370 GC heap before
{Heap before GC invocations=12 (full 0):
 garbage-first heap   total 55296K, used 40743K [0x0000000082e00000, 0x0000000100000000)
  region size 1024K, 21 young (21504K), 2 survivors (2048K)
 Metaspace       used 40511K, committed 40896K, reserved 1089536K
  class space    used 5079K, committed 5248K, reserved 1048576K
}
Event: 6.373 GC heap after
{Heap after GC invocations=13 (full 0):
 garbage-first heap   total 55296K, used 23153K [0x0000000082e00000, 0x0000000100000000)
  region size 1024K, 3 young (3072K), 3 survivors (3072K)
 Metaspace       used 40511K, committed 40896K, reserved 1089536K
  class space    used 5079K, committed 5248K, reserved 1048576K
}

